Base path: 'C:/Program Files/Unity/Editor/Data', plugins path 'C:/Program Files/Unity/Editor/Data/PlaybackEngines'
Cmd: initializeCompiler
Cmd: compileComputeKernel
  api=4 insize=12109 outsize=1558 ok=1
Cmd: compileComputeKernel
  api=4 insize=12109 outsize=1364 ok=1
Cmd: compileComputeKernel
  api=4 insize=12109 outsize=1364 ok=1
Cmd: compileComputeKernel
  api=4 insize=11985 outsize=1469 ok=1
Cmd: compileComputeKernel
  api=4 insize=11985 outsize=1465 ok=1
Cmd: compileComputeKernel
  api=4 insize=11985 outsize=1905 ok=1
Cmd: compileComputeKernel
  api=4 insize=11985 outsize=1465 ok=1
Cmd: compileComputeKernel
  api=4 insize=11985 outsize=1620 ok=1
Cmd: compileComputeKernel
  api=4 insize=11985 outsize=1497 ok=1
Cmd: compileComputeKernel
  api=4 insize=11985 outsize=1494 ok=1
Cmd: compileComputeKernel
  api=4 insize=11985 outsize=1499 ok=1
Cmd: compileComputeKernel
  api=4 insize=11985 outsize=1495 ok=1
Cmd: compileComputeKernel
  api=4 insize=11985 outsize=1528 ok=1
Cmd: compileComputeKernel
  api=4 insize=11985 outsize=1616 ok=1
Cmd: compileComputeKernel
  api=4 insize=18301 outsize=2137 ok=1
Cmd: compileComputeKernel
  api=4 insize=18301 outsize=3271 ok=1
Cmd: compileComputeKernel
  api=4 insize=18301 outsize=3256 ok=1
Cmd: compileComputeKernel
  api=4 insize=18301 outsize=3139 ok=1
Cmd: compileComputeKernel
  api=4 insize=18301 outsize=5661 ok=1
Cmd: compileComputeKernel
  api=4 insize=66874 outsize=2850 ok=1
Cmd: compileComputeKernel
  api=4 insize=66874 outsize=2795 ok=1
Cmd: compileComputeKernel
  api=4 insize=66874 outsize=3099 ok=1
Cmd: compileComputeKernel
  api=4 insize=66874 outsize=3099 ok=1
Cmd: compileComputeKernel
  api=4 insize=66874 outsize=1579 ok=1
Cmd: compileComputeKernel
  api=4 insize=66874 outsize=2479 ok=1
Cmd: compileComputeKernel
  api=4 insize=66874 outsize=1634 ok=1
Cmd: compileComputeKernel
  api=4 insize=66874 outsize=1489 ok=1
Cmd: compileComputeKernel
  api=4 insize=66874 outsize=1489 ok=1
Cmd: compileComputeKernel
  api=4 insize=66874 outsize=1489 ok=1
Cmd: compileComputeKernel
  api=4 insize=66874 outsize=1461 ok=1
Cmd: compileComputeKernel
  api=4 insize=66874 outsize=1689 ok=1
Cmd: compileComputeKernel
  api=4 insize=66874 outsize=2029 ok=1
Cmd: compileComputeKernel
  api=4 insize=66874 outsize=1407 ok=1
Cmd: compileComputeKernel
  api=4 insize=66874 outsize=1495 ok=1
Cmd: compileComputeKernel
  api=4 insize=66874 outsize=1597 ok=1
Cmd: compileComputeKernel
  api=4 insize=66874 outsize=1610 ok=1
Cmd: compileComputeKernel
  api=4 insize=66874 outsize=1610 ok=1
Cmd: compileComputeKernel
  api=4 insize=66874 outsize=1324 ok=1
Cmd: compileComputeKernel
  api=4 insize=66874 outsize=1287 ok=1
Cmd: compileComputeKernel
  api=4 insize=66874 outsize=1285 ok=1
Cmd: compileComputeKernel
  api=4 insize=66874 outsize=1369 ok=1
Cmd: compileComputeKernel
  api=4 insize=66874 outsize=1520 ok=1
Cmd: compileComputeKernel
  api=4 insize=66874 outsize=1383 ok=1
Cmd: compileComputeKernel
  api=4 insize=66874 outsize=1321 ok=1
Cmd: compileComputeKernel
  api=4 insize=66874 outsize=1359 ok=1
Cmd: compileComputeKernel
  api=4 insize=66874 outsize=1861 ok=1
Cmd: compileComputeKernel
  api=4 insize=66874 outsize=1547 ok=1
Cmd: compileComputeKernel
  api=4 insize=66874 outsize=1311 ok=1
Cmd: compileComputeKernel
  api=4 insize=66874 outsize=1284 ok=1
Cmd: compileComputeKernel
  api=4 insize=66874 outsize=1777 ok=1
Cmd: compileComputeKernel
  api=4 insize=66874 outsize=1364 ok=1
Cmd: compileComputeKernel
  api=4 insize=66874 outsize=1823 ok=1
Cmd: compileComputeKernel
  api=4 insize=66874 outsize=1819 ok=1
Cmd: compileComputeKernel
  api=4 insize=66874 outsize=2259 ok=1
Cmd: compileComputeKernel
  api=4 insize=66874 outsize=1819 ok=1
Cmd: compileComputeKernel
  api=4 insize=66874 outsize=1974 ok=1
Cmd: compileComputeKernel
  api=4 insize=66874 outsize=1851 ok=1
Cmd: compileComputeKernel
  api=4 insize=66874 outsize=1848 ok=1
Cmd: compileComputeKernel
  api=4 insize=66874 outsize=1853 ok=1
Cmd: compileComputeKernel
  api=4 insize=66874 outsize=1997 ok=1
Cmd: compileComputeKernel
  api=4 insize=66874 outsize=1998 ok=1
Cmd: compileComputeKernel
  api=4 insize=66874 outsize=1301 ok=1
Cmd: compileComputeKernel
  api=4 insize=66874 outsize=1341 ok=1
Cmd: compileComputeKernel
  api=4 insize=66874 outsize=1346 ok=1
Cmd: compileComputeKernel
  api=4 insize=66874 outsize=1342 ok=1
Cmd: compileComputeKernel
  api=4 insize=66874 outsize=3004 ok=1
Cmd: compileComputeKernel
  api=4 insize=66874 outsize=1590 ok=1
Cmd: compileComputeKernel
  api=4 insize=66874 outsize=1680 ok=1
Cmd: compileComputeKernel
  api=4 insize=66874 outsize=1427 ok=1
Cmd: compileComputeKernel
  api=4 insize=66874 outsize=921 ok=1
Cmd: compileComputeKernel
  api=4 insize=66874 outsize=1382 ok=1
Cmd: compileComputeKernel
  api=4 insize=72903 outsize=7888 ok=1
Cmd: compileComputeKernel
  api=4 insize=72903 outsize=6467 ok=1
Cmd: compileComputeKernel
  api=4 insize=34089 outsize=677 ok=1
Cmd: compileComputeKernel
  api=4 insize=34089 outsize=629 ok=1
Cmd: compileComputeKernel
  api=4 insize=34089 outsize=675 ok=1
Cmd: compileComputeKernel
  api=4 insize=34089 outsize=680 ok=1
Cmd: compileComputeKernel
  api=4 insize=34089 outsize=638 ok=1
Cmd: compileComputeKernel
  api=4 insize=34089 outsize=711 ok=1
Cmd: compileComputeKernel
  api=4 insize=34089 outsize=1032 ok=1
Cmd: compileComputeKernel
  api=4 insize=34089 outsize=1005 ok=1
Cmd: compileComputeKernel
  api=4 insize=34089 outsize=854 ok=1
Cmd: compileComputeKernel
  api=4 insize=34089 outsize=848 ok=1
Cmd: compileComputeKernel
  api=4 insize=34089 outsize=1023 ok=1
Cmd: compileComputeKernel
  api=4 insize=34089 outsize=844 ok=1
Cmd: compileComputeKernel
  api=4 insize=34089 outsize=677 ok=1
Cmd: compileComputeKernel
  api=4 insize=34089 outsize=677 ok=1
Cmd: compileComputeKernel
  api=4 insize=34089 outsize=622 ok=1
Cmd: compileComputeKernel
  api=4 insize=34089 outsize=854 ok=1
Cmd: compileComputeKernel
  api=4 insize=34089 outsize=811 ok=1
Cmd: compileComputeKernel
  api=4 insize=34089 outsize=872 ok=1
Cmd: compileComputeKernel
  api=4 insize=34089 outsize=1292 ok=1
Cmd: compileComputeKernel
  api=4 insize=34089 outsize=1229 ok=1
Cmd: compileComputeKernel
  api=4 insize=34089 outsize=1321 ok=1
Cmd: compileComputeKernel
  api=4 insize=34089 outsize=1861 ok=1
Cmd: compileComputeKernel
  api=4 insize=34089 outsize=1547 ok=1
Cmd: compileComputeKernel
  api=4 insize=34089 outsize=1484 ok=1
Cmd: compileComputeKernel
  api=4 insize=34089 outsize=1497 ok=1
Cmd: compileComputeKernel
  api=4 insize=34089 outsize=1369 ok=1
Cmd: compileComputeKernel
  api=4 insize=34089 outsize=1363 ok=1
Cmd: compileComputeKernel
  api=4 insize=34089 outsize=1300 ok=1
Cmd: compileComputeKernel
  api=4 insize=34089 outsize=1442 ok=1
Cmd: compileComputeKernel
  api=4 insize=34089 outsize=1359 ok=1
Cmd: compileComputeKernel
  api=4 insize=34089 outsize=1311 ok=1
Cmd: compileComputeKernel
  api=4 insize=34089 outsize=1311 ok=1
Cmd: compileComputeKernel
  api=4 insize=34089 outsize=1248 ok=1
Cmd: compileComputeKernel
  api=4 insize=34089 outsize=1261 ok=1
Cmd: compileComputeKernel
  api=4 insize=34089 outsize=1369 ok=1
Cmd: compileComputeKernel
  api=4 insize=34089 outsize=1631 ok=1
Cmd: compileComputeKernel
  api=4 insize=34089 outsize=1618 ok=1
Cmd: compileComputeKernel
  api=4 insize=34089 outsize=1387 ok=1
Cmd: compileComputeKernel
  api=4 insize=79248 outsize=6812 ok=1
Cmd: compileComputeKernel
  api=4 insize=79248 outsize=11481 ok=1
Cmd: compileComputeKernel
  api=4 insize=79248 outsize=10704 ok=1
Cmd: compileComputeKernel
  api=4 insize=79248 outsize=27129 ok=1
Cmd: compileComputeKernel
  api=4 insize=79248 outsize=35778 ok=1
Cmd: compileComputeKernel
  api=4 insize=4442 outsize=1449 ok=1
Cmd: compileComputeKernel
  api=4 insize=4442 outsize=1684 ok=1
Cmd: initializeCompiler
Cmd: compileComputeKernel
  error: 1 plat 4 at Generic.compute(379): signed/unsigned mismatch, unsigned assumed
  error: 1 plat 4 at Generic.compute(392): signed/unsigned mismatch, unsigned assumed
  error: 1 plat 4 at Generic.compute(408): signed/unsigned mismatch, unsigned assumed
  api=4 insize=15451 outsize=1004 ok=1
Cmd: compileComputeKernel
  error: 1 plat 4 at Generic.compute(379): signed/unsigned mismatch, unsigned assumed
  error: 1 plat 4 at Generic.compute(392): signed/unsigned mismatch, unsigned assumed
  error: 1 plat 4 at Generic.compute(408): signed/unsigned mismatch, unsigned assumed
  api=4 insize=15451 outsize=1103 ok=1
Cmd: compileComputeKernel
  error: 1 plat 4 at Generic.compute(379): signed/unsigned mismatch, unsigned assumed
  error: 1 plat 4 at Generic.compute(392): signed/unsigned mismatch, unsigned assumed
  error: 1 plat 4 at Generic.compute(408): signed/unsigned mismatch, unsigned assumed
  api=4 insize=15451 outsize=1789 ok=1
Cmd: compileComputeKernel
  error: 1 plat 4 at Generic.compute(379): signed/unsigned mismatch, unsigned assumed
  error: 1 plat 4 at Generic.compute(392): signed/unsigned mismatch, unsigned assumed
  error: 1 plat 4 at Generic.compute(408): signed/unsigned mismatch, unsigned assumed
  api=4 insize=15451 outsize=2540 ok=1
Cmd: compileComputeKernel
  error: 1 plat 4 at Generic.compute(379): signed/unsigned mismatch, unsigned assumed
  error: 1 plat 4 at Generic.compute(392): signed/unsigned mismatch, unsigned assumed
  error: 1 plat 4 at Generic.compute(408): signed/unsigned mismatch, unsigned assumed
  api=4 insize=15451 outsize=1563 ok=1
Cmd: compileComputeKernel
  api=4 insize=9919 outsize=1831 ok=1
Cmd: compileComputeKernel
  api=4 insize=9919 outsize=2271 ok=1
Cmd: compileComputeKernel
  api=4 insize=9919 outsize=1868 ok=1
Cmd: compileComputeKernel
  api=4 insize=9919 outsize=1861 ok=1
Cmd: compileComputeKernel
  api=4 insize=9919 outsize=2010 ok=1
Cmd: compileComputeKernel
  error: 1 plat 4 at BarracudaReferenceImpl.compute(12): 'kernal' : unknown pragma ignored
  error: 1 plat 4 at BarracudaReferenceImpl.compute(1261): 'ix': loop control variable conflicts with a previous declaration in the outer scope; most recent declaration will be used
  api=4 insize=44328 outsize=2583 ok=1
Cmd: compileComputeKernel
  error: 1 plat 4 at BarracudaReferenceImpl.compute(12): 'kernal' : unknown pragma ignored
  error: 1 plat 4 at BarracudaReferenceImpl.compute(1261): 'ix': loop control variable conflicts with a previous declaration in the outer scope; most recent declaration will be used
  api=4 insize=44328 outsize=1564 ok=1
Cmd: compileComputeKernel
  error: 1 plat 4 at BarracudaReferenceImpl.compute(12): 'kernal' : unknown pragma ignored
  error: 1 plat 4 at BarracudaReferenceImpl.compute(1261): 'ix': loop control variable conflicts with a previous declaration in the outer scope; most recent declaration will be used
  api=4 insize=44328 outsize=1674 ok=1
Cmd: compileComputeKernel
  error: 1 plat 4 at BarracudaReferenceImpl.compute(12): 'kernal' : unknown pragma ignored
  error: 1 plat 4 at BarracudaReferenceImpl.compute(1261): 'ix': loop control variable conflicts with a previous declaration in the outer scope; most recent declaration will be used
  api=4 insize=44328 outsize=2014 ok=1
Cmd: compileComputeKernel
  error: 1 plat 4 at BarracudaReferenceImpl.compute(12): 'kernal' : unknown pragma ignored
  error: 1 plat 4 at BarracudaReferenceImpl.compute(1261): 'ix': loop control variable conflicts with a previous declaration in the outer scope; most recent declaration will be used
  api=4 insize=44328 outsize=1416 ok=1
Cmd: compileComputeKernel
  error: 1 plat 4 at BarracudaReferenceImpl.compute(12): 'kernal' : unknown pragma ignored
  error: 1 plat 4 at BarracudaReferenceImpl.compute(1261): 'ix': loop control variable conflicts with a previous declaration in the outer scope; most recent declaration will be used
  api=4 insize=44328 outsize=1595 ok=1
Cmd: compileComputeKernel
  error: 1 plat 4 at BarracudaReferenceImpl.compute(12): 'kernal' : unknown pragma ignored
  error: 1 plat 4 at BarracudaReferenceImpl.compute(1261): 'ix': loop control variable conflicts with a previous declaration in the outer scope; most recent declaration will be used
  api=4 insize=44328 outsize=1272 ok=1
Cmd: compileComputeKernel
  error: 1 plat 4 at BarracudaReferenceImpl.compute(12): 'kernal' : unknown pragma ignored
  error: 1 plat 4 at BarracudaReferenceImpl.compute(1261): 'ix': loop control variable conflicts with a previous declaration in the outer scope; most recent declaration will be used
  api=4 insize=44328 outsize=1295 ok=1
Cmd: compileComputeKernel
  error: 1 plat 4 at BarracudaReferenceImpl.compute(12): 'kernal' : unknown pragma ignored
  error: 1 plat 4 at BarracudaReferenceImpl.compute(1261): 'ix': loop control variable conflicts with a previous declaration in the outer scope; most recent declaration will be used
  api=4 insize=44328 outsize=1616 ok=1
Cmd: compileComputeKernel
  error: 1 plat 4 at BarracudaReferenceImpl.compute(12): 'kernal' : unknown pragma ignored
  error: 1 plat 4 at BarracudaReferenceImpl.compute(1261): 'ix': loop control variable conflicts with a previous declaration in the outer scope; most recent declaration will be used
  api=4 insize=44328 outsize=1505 ok=1
Cmd: compileComputeKernel
  error: 1 plat 4 at BarracudaReferenceImpl.compute(12): 'kernal' : unknown pragma ignored
  error: 1 plat 4 at BarracudaReferenceImpl.compute(1261): 'ix': loop control variable conflicts with a previous declaration in the outer scope; most recent declaration will be used
  api=4 insize=44328 outsize=1306 ok=1
Cmd: compileComputeKernel
  error: 1 plat 4 at BarracudaReferenceImpl.compute(12): 'kernal' : unknown pragma ignored
  error: 1 plat 4 at BarracudaReferenceImpl.compute(1261): 'ix': loop control variable conflicts with a previous declaration in the outer scope; most recent declaration will be used
  api=4 insize=44328 outsize=1450 ok=1
Cmd: compileComputeKernel
  error: 1 plat 4 at BarracudaReferenceImpl.compute(12): 'kernal' : unknown pragma ignored
  error: 1 plat 4 at BarracudaReferenceImpl.compute(1261): 'ix': loop control variable conflicts with a previous declaration in the outer scope; most recent declaration will be used
  api=4 insize=44328 outsize=1808 ok=1
Cmd: compileComputeKernel
  error: 1 plat 4 at BarracudaReferenceImpl.compute(12): 'kernal' : unknown pragma ignored
  error: 1 plat 4 at BarracudaReferenceImpl.compute(1261): 'ix': loop control variable conflicts with a previous declaration in the outer scope; most recent declaration will be used
  api=4 insize=44328 outsize=1296 ok=1
Cmd: compileComputeKernel
  error: 1 plat 4 at BarracudaReferenceImpl.compute(12): 'kernal' : unknown pragma ignored
  error: 1 plat 4 at BarracudaReferenceImpl.compute(1261): 'ix': loop control variable conflicts with a previous declaration in the outer scope; most recent declaration will be used
  api=4 insize=44328 outsize=1269 ok=1
Cmd: compileComputeKernel
  error: 1 plat 4 at BarracudaReferenceImpl.compute(12): 'kernal' : unknown pragma ignored
  error: 1 plat 4 at BarracudaReferenceImpl.compute(1261): 'ix': loop control variable conflicts with a previous declaration in the outer scope; most recent declaration will be used
  api=4 insize=44328 outsize=1372 ok=1
Cmd: compileComputeKernel
  error: 1 plat 4 at BarracudaReferenceImpl.compute(12): 'kernal' : unknown pragma ignored
  error: 1 plat 4 at BarracudaReferenceImpl.compute(1261): 'ix': loop control variable conflicts with a previous declaration in the outer scope; most recent declaration will be used
  api=4 insize=44328 outsize=1831 ok=1
Cmd: compileComputeKernel
  error: 1 plat 4 at BarracudaReferenceImpl.compute(12): 'kernal' : unknown pragma ignored
  error: 1 plat 4 at BarracudaReferenceImpl.compute(1261): 'ix': loop control variable conflicts with a previous declaration in the outer scope; most recent declaration will be used
  api=4 insize=44328 outsize=1831 ok=1
Cmd: compileComputeKernel
  error: 1 plat 4 at BarracudaReferenceImpl.compute(12): 'kernal' : unknown pragma ignored
  error: 1 plat 4 at BarracudaReferenceImpl.compute(1261): 'ix': loop control variable conflicts with a previous declaration in the outer scope; most recent declaration will be used
  api=4 insize=44328 outsize=2271 ok=1
Cmd: compileComputeKernel
  error: 1 plat 4 at BarracudaReferenceImpl.compute(12): 'kernal' : unknown pragma ignored
  error: 1 plat 4 at BarracudaReferenceImpl.compute(1261): 'ix': loop control variable conflicts with a previous declaration in the outer scope; most recent declaration will be used
  api=4 insize=44328 outsize=1831 ok=1
Cmd: compileComputeKernel
  error: 1 plat 4 at BarracudaReferenceImpl.compute(12): 'kernal' : unknown pragma ignored
  error: 1 plat 4 at BarracudaReferenceImpl.compute(1261): 'ix': loop control variable conflicts with a previous declaration in the outer scope; most recent declaration will be used
  api=4 insize=44328 outsize=1868 ok=1
Cmd: compileComputeKernel
  error: 1 plat 4 at BarracudaReferenceImpl.compute(12): 'kernal' : unknown pragma ignored
  error: 1 plat 4 at BarracudaReferenceImpl.compute(1261): 'ix': loop control variable conflicts with a previous declaration in the outer scope; most recent declaration will be used
  api=4 insize=44328 outsize=1865 ok=1
Cmd: compileComputeKernel
  error: 1 plat 4 at BarracudaReferenceImpl.compute(12): 'kernal' : unknown pragma ignored
  error: 1 plat 4 at BarracudaReferenceImpl.compute(1261): 'ix': loop control variable conflicts with a previous declaration in the outer scope; most recent declaration will be used
  api=4 insize=44328 outsize=2009 ok=1
Cmd: compileComputeKernel
  error: 1 plat 4 at BarracudaReferenceImpl.compute(12): 'kernal' : unknown pragma ignored
  error: 1 plat 4 at BarracudaReferenceImpl.compute(1261): 'ix': loop control variable conflicts with a previous declaration in the outer scope; most recent declaration will be used
  api=4 insize=44328 outsize=2010 ok=1
Cmd: compileComputeKernel
  error: 1 plat 4 at BarracudaReferenceImpl.compute(12): 'kernal' : unknown pragma ignored
  error: 1 plat 4 at BarracudaReferenceImpl.compute(1261): 'ix': loop control variable conflicts with a previous declaration in the outer scope; most recent declaration will be used
  api=4 insize=44328 outsize=1326 ok=1
Cmd: compileComputeKernel
  error: 1 plat 4 at BarracudaReferenceImpl.compute(12): 'kernal' : unknown pragma ignored
  error: 1 plat 4 at BarracudaReferenceImpl.compute(1261): 'ix': loop control variable conflicts with a previous declaration in the outer scope; most recent declaration will be used
  api=4 insize=44328 outsize=1326 ok=1
Cmd: compileComputeKernel
  error: 1 plat 4 at BarracudaReferenceImpl.compute(12): 'kernal' : unknown pragma ignored
  error: 1 plat 4 at BarracudaReferenceImpl.compute(1261): 'ix': loop control variable conflicts with a previous declaration in the outer scope; most recent declaration will be used
  api=4 insize=44328 outsize=2006 ok=1
Cmd: compileComputeKernel
  error: 1 plat 4 at BarracudaReferenceImpl.compute(12): 'kernal' : unknown pragma ignored
  error: 1 plat 4 at BarracudaReferenceImpl.compute(1261): 'ix': loop control variable conflicts with a previous declaration in the outer scope; most recent declaration will be used
  api=4 insize=44328 outsize=1465 ok=1
Cmd: compileComputeKernel
  error: 1 plat 4 at BarracudaReferenceImpl.compute(12): 'kernal' : unknown pragma ignored
  error: 1 plat 4 at BarracudaReferenceImpl.compute(1261): 'ix': loop control variable conflicts with a previous declaration in the outer scope; most recent declaration will be used
  api=4 insize=44328 outsize=1766 ok=1
Cmd: compileComputeKernel
  api=4 insize=2952 outsize=226 ok=1
Cmd: compileComputeKernel
  api=4 insize=64076 outsize=7569 ok=1
Cmd: compileComputeKernel
  api=4 insize=28299 outsize=675 ok=1
Cmd: compileComputeKernel
  api=4 insize=28299 outsize=772 ok=1
Cmd: compileComputeKernel
  api=4 insize=28299 outsize=960 ok=1
Cmd: compileComputeKernel
  api=4 insize=28299 outsize=1027 ok=1
Cmd: compileComputeKernel
  api=4 insize=28299 outsize=1000 ok=1
Cmd: compileComputeKernel
  api=4 insize=28299 outsize=768 ok=1
Cmd: compileComputeKernel
  api=4 insize=28299 outsize=945 ok=1
Cmd: compileComputeKernel
  api=4 insize=28299 outsize=696 ok=1
Cmd: compileComputeKernel
  api=4 insize=28299 outsize=791 ok=1
Cmd: compileComputeKernel
  api=4 insize=28299 outsize=754 ok=1
Cmd: compileComputeKernel
  api=4 insize=28299 outsize=806 ok=1
Cmd: compileComputeKernel
  api=4 insize=28299 outsize=1277 ok=1
Cmd: compileComputeKernel
  api=4 insize=28299 outsize=1306 ok=1
Cmd: compileComputeKernel
  api=4 insize=28299 outsize=1808 ok=1
Cmd: compileComputeKernel
  api=4 insize=28299 outsize=1509 ok=1
Cmd: compileComputeKernel
  api=4 insize=28299 outsize=1505 ok=1
Cmd: compileComputeKernel
  api=4 insize=28299 outsize=1331 ok=1
Cmd: compileComputeKernel
  api=4 insize=28299 outsize=1345 ok=1
Cmd: compileComputeKernel
  api=4 insize=28299 outsize=1450 ok=1
Cmd: compileComputeKernel
  api=4 insize=28299 outsize=1344 ok=1
Cmd: compileComputeKernel
  api=4 insize=28299 outsize=1273 ok=1
Cmd: compileComputeKernel
  api=4 insize=28299 outsize=1273 ok=1
Cmd: compileComputeKernel
  api=4 insize=28299 outsize=1246 ok=1
Cmd: compileComputeKernel
  api=4 insize=28299 outsize=1354 ok=1
Cmd: compileComputeKernel
  api=4 insize=28299 outsize=1603 ok=1
Cmd: compileComputeKernel
  api=4 insize=28299 outsize=1309 ok=1
Cmd: compileComputeKernel
  api=4 insize=23440 outsize=12444 ok=1
Cmd: compileComputeKernel
  api=4 insize=4053 outsize=1575 ok=1
Cmd: compileSnippet
  api=4 type=1 insize=11846 outsize=5706 kw=SHADOWS_SPLIT_SPHERES pd=UNITY_ENABLE_REFLECTION_BUFFERS UNITY_USE_DITHER_MASK_FOR_ALPHABLENDED_SHADOWS UNITY_PBS_USE_BRDF1 UNITY_SPECCUBE_BOX_PROJECTION UNITY_SPECCUBE_BLENDING UNITY_ENABLE_DETAIL_NORMALMAP SHADER_API_DESKTOP UNITY_COLORSPACE_GAMMA UNITY_LIGHT_PROBE_PROXY_VOLUME UNITY_LIGHTMAP_FULL_HDR ok=1
